<?xml version="1.0" encoding="UTF-8"?>
<!-- Generated by org.testng.reporters.JUnitXMLReporter -->
<testsuite ignored="0" hostname="INTLAP-485-Subir-Sarkar" failures="0" tests="6" name="Default test" time="10.995" errors="0" timestamp="2024-02-19T21:53:08 IST">
  <testcase classname="api.testcases.UserTestDDT" name="testCreateUser" time="3.219"/>
  <testcase classname="api.testcases.UserTestDDT" name="testCreateUser" time="1.2"/>
  <testcase classname="api.testcases.UserTestDDT" name="testGetUserData" time="1.325"/>
  <testcase classname="api.testcases.UserTestDDT" name="testGetUserData" time="1.237"/>
  <testcase classname="api.testcases.UserTestDDT" name="testDeleteUser" time="1.17"/>
  <testcase classname="api.testcases.UserTestDDT" name="testDeleteUser" time="1.214"/>
</testsuite> <!-- Default test -->
