<?xml version="1.0" encoding="UTF-8"?>
<!-- Generated by org.testng.reporters.JUnitXMLReporter -->
<testsuite ignored="0" hostname="INTLAP-485-Subir-Sarkar" failures="1" tests="4" name="Test" time="10.897" errors="0" timestamp="2024-02-21T22:23:18 IST">
  <testcase classname="api.testcases.UserTest2" name="testCreateUser" time="4.381"/>
  <testcase classname="api.testcases.UserTest2" name="testGetUser" time="1.602"/>
  <testcase classname="api.testcases.UserTest2" name="testUpdateUser" time="1.5">
    <failure type="junit.framework.AssertionFailedError" message="expected:&amp;lt;200&amp;gt; but was:&amp;lt;415&amp;gt;">
      <![CDATA[junit.framework.AssertionFailedError: expected:<200> but was:<415>
at junit.framework.Assert.fail(Assert.java:47)
at junit.framework.Assert.failNotEquals(Assert.java:282)
at junit.framework.Assert.assertEquals(Assert.java:64)
at junit.framework.Assert.assertEquals(Assert.java:201)
at junit.framework.Assert.assertEquals(Assert.java:207)
at api.testcases.UserTest2.testUpdateUser(UserTest2.java:83)
at java.base/java.util.ArrayList.forEach(ArrayList.java:1511)
... Removed 27 stack frames]]>
    </failure>
  </testcase> <!-- testUpdateUser -->
  <testcase classname="api.testcases.UserTest2" name="testDeleteUser" time="1.477"/>
</testsuite> <!-- Test -->
