<?xml version="1.0" encoding="UTF-8"?>
<!-- Generated by org.testng.reporters.JUnitXMLReporter -->
<testsuite ignored="0" hostname="INTLAP-485-Subir-Sarkar" failures="4" tests="4" name="Test" time="0.748" errors="0" timestamp="2024-02-21T22:24:16 IST">
  <testcase classname="api.testcases.UserTest2" name="testCreateUser" time="0.007">
    <failure type="java.util.MissingResourceException" message="Can&amp;apos;t find bundle for base name Routing, locale en_IN">
      <![CDATA[java.util.MissingResourceException: Can't find bundle for base name Routing, locale en_IN
at java.base/java.util.ResourceBundle.throwMissingResourceException(ResourceBundle.java:2045)
at java.base/java.util.ResourceBundle.getBundleImpl(ResourceBundle.java:1683)
at java.base/java.util.ResourceBundle.getBundleImpl(ResourceBundle.java:1586)
at java.base/java.util.ResourceBundle.getBundleImpl(ResourceBundle.java:1549)
at java.base/java.util.ResourceBundle.getBundle(ResourceBundle.java:858)
at api.endpoints.UserEndPoints2.getURL(UserEndPoints2.java:20)
at api.endpoints.UserEndPoints2.createUser(UserEndPoints2.java:28)
at api.testcases.UserTest2.testCreateUser(UserTest2.java:44)
at java.base/java.util.ArrayList.forEach(ArrayList.java:1511)
... Removed 31 stack frames]]>
    </failure>
  </testcase> <!-- testCreateUser -->
  <testcase classname="api.testcases.UserTest2" name="testGetUser" time="0.001">
    <failure type="java.util.MissingResourceException" message="Can&amp;apos;t find bundle for base name Routing, locale en_IN">
      <![CDATA[java.util.MissingResourceException: Can't find bundle for base name Routing, locale en_IN
at java.base/java.util.ResourceBundle.throwMissingResourceException(ResourceBundle.java:2045)
at java.base/java.util.ResourceBundle.getBundleImpl(ResourceBundle.java:1683)
at java.base/java.util.ResourceBundle.getBundleImpl(ResourceBundle.java:1586)
at java.base/java.util.ResourceBundle.getBundleImpl(ResourceBundle.java:1549)
at java.base/java.util.ResourceBundle.getBundle(ResourceBundle.java:858)
at api.endpoints.UserEndPoints2.getURL(UserEndPoints2.java:20)
at api.endpoints.UserEndPoints2.getUser(UserEndPoints2.java:44)
at api.testcases.UserTest2.testGetUser(UserTest2.java:60)
at java.base/java.util.ArrayList.forEach(ArrayList.java:1511)
... Removed 31 stack frames]]>
    </failure>
  </testcase> <!-- testGetUser -->
  <testcase classname="api.testcases.UserTest2" name="testUpdateUser" time="0.001">
    <failure type="java.util.MissingResourceException" message="Can&amp;apos;t find bundle for base name Routing, locale en_IN">
      <![CDATA[java.util.MissingResourceException: Can't find bundle for base name Routing, locale en_IN
at java.base/java.util.ResourceBundle.throwMissingResourceException(ResourceBundle.java:2045)
at java.base/java.util.ResourceBundle.getBundleImpl(ResourceBundle.java:1683)
at java.base/java.util.ResourceBundle.getBundleImpl(ResourceBundle.java:1586)
at java.base/java.util.ResourceBundle.getBundleImpl(ResourceBundle.java:1549)
at java.base/java.util.ResourceBundle.getBundle(ResourceBundle.java:858)
at api.endpoints.UserEndPoints2.getURL(UserEndPoints2.java:20)
at api.endpoints.UserEndPoints2.UpdateUser(UserEndPoints2.java:59)
at api.testcases.UserTest2.testUpdateUser(UserTest2.java:77)
at java.base/java.util.ArrayList.forEach(ArrayList.java:1511)
... Removed 31 stack frames]]>
    </failure>
  </testcase> <!-- testUpdateUser -->
  <testcase classname="api.testcases.UserTest2" name="testDeleteUser" time="0.0">
    <failure type="java.util.MissingResourceException" message="Can&amp;apos;t find bundle for base name Routing, locale en_IN">
      <![CDATA[java.util.MissingResourceException: Can't find bundle for base name Routing, locale en_IN
at java.base/java.util.ResourceBundle.throwMissingResourceException(ResourceBundle.java:2045)
at java.base/java.util.ResourceBundle.getBundleImpl(ResourceBundle.java:1683)
at java.base/java.util.ResourceBundle.getBundleImpl(ResourceBundle.java:1586)
at java.base/java.util.ResourceBundle.getBundleImpl(ResourceBundle.java:1549)
at java.base/java.util.ResourceBundle.getBundle(ResourceBundle.java:858)
at api.endpoints.UserEndPoints2.getURL(UserEndPoints2.java:20)
at api.endpoints.UserEndPoints2.DeleteUser(UserEndPoints2.java:75)
at api.testcases.UserTest2.testDeleteUser(UserTest2.java:100)
at java.base/java.util.ArrayList.forEach(ArrayList.java:1511)
... Removed 31 stack frames]]>
    </failure>
  </testcase> <!-- testDeleteUser -->
</testsuite> <!-- Test -->
